-------------------------------------------------------------------------------
Test set: com.techie.microservices.product.ProductServiceApplicationTests
-------------------------------------------------------------------------------
Tests run: 1, Failures: 0, Errors: 1, Skipped: 0, Time elapsed: 18.17 s <<< FAILURE! -- in com.techie.microservices.product.ProductServiceApplicationTests
com.techie.microservices.product.ProductServiceApplicationTests.contextLoads -- Time elapsed: 0.050 s <<< ERROR!
java.lang.IllegalStateException: Failed to load ApplicationContext for [WebMergedContextConfiguration@3d764641 testClass = com.techie.microservices.product.ProductServiceApplicationTests, locations = [], classes = [com.techie.microservices.product.ProductServiceApplication], contextInitializerClasses = [], activeProfiles = [], propertySourceDescriptors = [], propertySourceProperties = ["org.springframework.boot.test.context.SpringBootTestContextBootstrapper=true", "server.port=0"], contextCustomizers = [[ImportsContextCustomizer@1e8bccfb key = [com.techie.microservices.product.TestcontainersConfiguration]], org.springframework.boot.test.context.filter.ExcludeFilterContextCustomizer@4d1bf319, org.springframework.boot.test.json.DuplicateJsonObjectContextCustomizerFactory$DuplicateJsonObjectContextCustomizer@4007f65e, org.springframework.boot.test.mock.mockito.MockitoContextCustomizer@0, org.springframework.boot.test.web.client.TestRestTemplateContextCustomizer@4722ef0c, org.springframework.boot.test.web.reactor.netty.DisableReactorResourceFactoryGlobalResourcesContextCustomizerFactory$DisableReactorResourceFactoryGlobalResourcesContextCustomizerCustomizer@14fc5f04, org.springframework.boot.test.autoconfigure.OnFailureConditionReportContextCustomizerFactory$OnFailureConditionReportContextCustomizer@6a8658ff, org.springframework.boot.test.autoconfigure.actuate.observability.ObservabilityContextCustomizerFactory$DisableObservabilityContextCustomizer@1f, org.springframework.boot.test.autoconfigure.properties.PropertyMappingContextCustomizer@0, org.springframework.boot.test.autoconfigure.web.servlet.WebDriverContextCustomizer@7139992f, org.springframework.test.context.support.DynamicPropertiesContextCustomizer@0, org.springframework.boot.testcontainers.service.connection.ServiceConnectionContextCustomizer@0, org.springframework.boot.test.context.SpringBootTestAnnotation@89363f78], resourceBasePath = "src/main/webapp", contextLoader = org.springframework.boot.test.context.SpringBootContextLoader, parent = null]
	at org.springframework.test.context.cache.DefaultCacheAwareContextLoaderDelegate.loadContext(DefaultCacheAwareContextLoaderDelegate.java:180)
	at org.springframework.test.context.support.DefaultTestContext.getApplicationContext(DefaultTestContext.java:130)
	at org.springframework.test.context.support.DependencyInjectionTestExecutionListener.injectDependencies(DependencyInjectionTestExecutionListener.java:142)
	at org.springframework.test.context.support.DependencyInjectionTestExecutionListener.prepareTestInstance(DependencyInjectionTestExecutionListener.java:98)
	at org.springframework.test.context.TestContextManager.prepareTestInstance(TestContextManager.java:260)
	at org.springframework.test.context.junit.jupiter.SpringExtension.postProcessTestInstance(SpringExtension.java:160)
	at java.base/java.util.stream.ForEachOps$ForEachOp$OfRef.accept(ForEachOps.java:183)
	at java.base/java.util.stream.ReferencePipeline$3$1.accept(ReferencePipeline.java:197)
	at java.base/java.util.stream.ReferencePipeline$2$1.accept(ReferencePipeline.java:179)
	at java.base/java.util.stream.ReferencePipeline$3$1.accept(ReferencePipeline.java:197)
	at java.base/java.util.ArrayList$ArrayListSpliterator.forEachRemaining(ArrayList.java:1625)
	at java.base/java.util.stream.AbstractPipeline.copyInto(AbstractPipeline.java:509)
	at java.base/java.util.stream.AbstractPipeline.wrapAndCopyInto(AbstractPipeline.java:499)
	at java.base/java.util.stream.ForEachOps$ForEachOp.evaluateSequential(ForEachOps.java:150)
	at java.base/java.util.stream.ForEachOps$ForEachOp$OfRef.evaluateSequential(ForEachOps.java:173)
	at java.base/java.util.stream.AbstractPipeline.evaluate(AbstractPipeline.java:234)
	at java.base/java.util.stream.ReferencePipeline.forEach(ReferencePipeline.java:596)
	at java.base/java.util.Optional.orElseGet(Optional.java:364)
	at java.base/java.util.ArrayList.forEach(ArrayList.java:1511)
	at java.base/java.util.ArrayList.forEach(ArrayList.java:1511)
Caused by: org.springframework.beans.factory.BeanCreationException: Error creating bean with name 'productServiceApplication': Error creating bean with name 'mongoDbContainer' defined in class path resource [com/techie/microservices/product/TestcontainersConfiguration.class]: Container startup failed for image mongo:latest
	at org.springframework.beans.factory.support.AbstractAutowireCapableBeanFactory.doCreateBean(AbstractAutowireCapableBeanFactory.java:608)
	at org.springframework.beans.factory.support.AbstractAutowireCapableBeanFactory.createBean(AbstractAutowireCapableBeanFactory.java:523)
	at org.springframework.beans.factory.support.AbstractBeanFactory.lambda$doGetBean$0(AbstractBeanFactory.java:336)
	at org.springframework.beans.factory.support.DefaultSingletonBeanRegistry.getSingleton(DefaultSingletonBeanRegistry.java:288)
	at org.springframework.beans.factory.support.AbstractBeanFactory.doGetBean(AbstractBeanFactory.java:334)
	at org.springframework.beans.factory.support.AbstractBeanFactory.getBean(AbstractBeanFactory.java:199)
	at org.springframework.beans.factory.support.DefaultListableBeanFactory.instantiateSingleton(DefaultListableBeanFactory.java:1122)
	at org.springframework.beans.factory.support.DefaultListableBeanFactory.preInstantiateSingleton(DefaultListableBeanFactory.java:1093)
	at org.springframework.beans.factory.support.DefaultListableBeanFactory.preInstantiateSingletons(DefaultListableBeanFactory.java:1030)
	at org.springframework.context.support.AbstractApplicationContext.finishBeanFactoryInitialization(AbstractApplicationContext.java:987)
	at org.springframework.context.support.AbstractApplicationContext.refresh(AbstractApplicationContext.java:627)
	at org.springframework.boot.web.servlet.context.ServletWebServerApplicationContext.refresh(ServletWebServerApplicationContext.java:146)
	at org.springframework.boot.SpringApplication.refresh(SpringApplication.java:752)
	at org.springframework.boot.SpringApplication.refreshContext(SpringApplication.java:439)
	at org.springframework.boot.SpringApplication.run(SpringApplication.java:318)
	at org.springframework.boot.test.context.SpringBootContextLoader.lambda$loadContext$3(SpringBootContextLoader.java:137)
	at org.springframework.util.function.ThrowingSupplier.get(ThrowingSupplier.java:58)
	at org.springframework.util.function.ThrowingSupplier.get(ThrowingSupplier.java:46)
	at org.springframework.boot.SpringApplication.withHook(SpringApplication.java:1461)
	at org.springframework.boot.test.context.SpringBootContextLoader$ContextLoaderHook.run(SpringBootContextLoader.java:553)
	at org.springframework.boot.test.context.SpringBootContextLoader.loadContext(SpringBootContextLoader.java:137)
	at org.springframework.boot.test.context.SpringBootContextLoader.loadContext(SpringBootContextLoader.java:108)
	at org.springframework.test.context.cache.DefaultCacheAwareContextLoaderDelegate.loadContextInternal(DefaultCacheAwareContextLoaderDelegate.java:225)
	at org.springframework.test.context.cache.DefaultCacheAwareContextLoaderDelegate.loadContext(DefaultCacheAwareContextLoaderDelegate.java:152)
	... 19 more
Caused by: org.springframework.beans.factory.BeanCreationException: Error creating bean with name 'mongoDbContainer' defined in class path resource [com/techie/microservices/product/TestcontainersConfiguration.class]: Container startup failed for image mongo:latest
	at org.springframework.beans.factory.support.AbstractAutowireCapableBeanFactory.doCreateBean(AbstractAutowireCapableBeanFactory.java:608)
	at org.springframework.beans.factory.support.AbstractAutowireCapableBeanFactory.createBean(AbstractAutowireCapableBeanFactory.java:523)
	at org.springframework.beans.factory.support.AbstractBeanFactory.lambda$doGetBean$0(AbstractBeanFactory.java:336)
	at org.springframework.beans.factory.support.DefaultSingletonBeanRegistry.getSingleton(DefaultSingletonBeanRegistry.java:288)
	at org.springframework.beans.factory.support.AbstractBeanFactory.doGetBean(AbstractBeanFactory.java:334)
	at org.springframework.beans.factory.support.AbstractBeanFactory.getBean(AbstractBeanFactory.java:199)
	at org.springframework.boot.testcontainers.lifecycle.TestcontainersLifecycleBeanPostProcessor.getBeans(TestcontainersLifecycleBeanPostProcessor.java:161)
	at org.springframework.boot.testcontainers.lifecycle.TestcontainersLifecycleBeanPostProcessor.initializeContainers(TestcontainersLifecycleBeanPostProcessor.java:142)
	at org.springframework.boot.testcontainers.lifecycle.TestcontainersLifecycleBeanPostProcessor.postProcessAfterInitialization(TestcontainersLifecycleBeanPostProcessor.java:92)
	at org.springframework.beans.factory.support.AbstractAutowireCapableBeanFactory.applyBeanPostProcessorsAfterInitialization(AbstractAutowireCapableBeanFactory.java:439)
	at org.springframework.beans.factory.support.AbstractAutowireCapableBeanFactory.initializeBean(AbstractAutowireCapableBeanFactory.java:1805)
	at org.springframework.beans.factory.support.AbstractAutowireCapableBeanFactory.doCreateBean(AbstractAutowireCapableBeanFactory.java:601)
	... 42 more
Caused by: org.testcontainers.containers.ContainerLaunchException: Container startup failed for image mongo:latest
	at org.testcontainers.containers.GenericContainer.doStart(GenericContainer.java:351)
	at org.testcontainers.containers.GenericContainer.start(GenericContainer.java:322)
	at java.base/java.lang.Iterable.forEach(Iterable.java:75)
	at org.springframework.boot.testcontainers.lifecycle.TestcontainersStartup$1.start(TestcontainersStartup.java:43)
	at org.springframework.boot.testcontainers.lifecycle.TestcontainersLifecycleBeanPostProcessor.start(TestcontainersLifecycleBeanPostProcessor.java:135)
	at org.springframework.boot.testcontainers.lifecycle.TestcontainersLifecycleBeanPostProcessor.initializeStartables(TestcontainersLifecycleBeanPostProcessor.java:123)
	at org.springframework.boot.testcontainers.lifecycle.TestcontainersLifecycleBeanPostProcessor.postProcessAfterInitialization(TestcontainersLifecycleBeanPostProcessor.java:96)
	at org.springframework.beans.factory.support.AbstractAutowireCapableBeanFactory.applyBeanPostProcessorsAfterInitialization(AbstractAutowireCapableBeanFactory.java:439)
	at org.springframework.beans.factory.support.AbstractAutowireCapableBeanFactory.initializeBean(AbstractAutowireCapableBeanFactory.java:1805)
	at org.springframework.beans.factory.support.AbstractAutowireCapableBeanFactory.doCreateBean(AbstractAutowireCapableBeanFactory.java:601)
	... 53 more
Caused by: org.rnorth.ducttape.RetryCountExceededException: Retry limit hit with exception
	at org.rnorth.ducttape.unreliables.Unreliables.retryUntilSuccess(Unreliables.java:88)
	at org.testcontainers.containers.GenericContainer.doStart(GenericContainer.java:336)
	... 62 more
Caused by: org.testcontainers.containers.ContainerLaunchException: Could not create/start container
	at org.testcontainers.containers.GenericContainer.tryStart(GenericContainer.java:556)
	at org.testcontainers.containers.GenericContainer.lambda$doStart$0(GenericContainer.java:346)
	at org.rnorth.ducttape.unreliables.Unreliables.retryUntilSuccess(Unreliables.java:81)
	... 63 more
Caused by: org.testcontainers.shaded.org.awaitility.core.ConditionTimeoutException: org.testcontainers.containers.GenericContainer expected the predicate to return <true> but it returned <false> for input of <InspectContainerResponse(args=[--replSet, docker-rs], config=ContainerConfig(attachStderr=false, attachStdin=false, attachStdout=false, cmd=[--replSet, docker-rs], domainName=, entrypoint=[docker-entrypoint.sh], env=[PATH=/usr/local/sbin:/usr/local/bin:/usr/sbin:/usr/bin:/sbin:/bin, GOSU_VERSION=1.17, JSYAML_VERSION=3.13.1, JSYAML_CHECKSUM=662e32319bdd378e91f67578e56a34954b0a2e33aca11d70ab9f4826af24b941, MONGO_PACKAGE=mongodb-org, MONGO_REPO=repo.mongodb.org, MONGO_MAJOR=8.0, MONGO_VERSION=8.0.4, HOME=/data/db], exposedPorts=[27017/tcp], hostName=fe798f1b2a88, image=mongo:latest, labels={org.opencontainers.image.ref.name=ubuntu, org.opencontainers.image.version=24.04, org.testcontainers=true, org.testcontainers.lang=java, org.testcontainers.sessionId=df603abe-5ce7-484e-92ee-1a7d0c29103f, org.testcontainers.version=1.20.4}, macAddress=null, networkDisabled=null, onBuild=null, stdinOpen=false, portSpecs=null, stdInOnce=false, tty=false, user=, volumes={/data/configdb={}, /data/db={}}, workingDir=, healthCheck=null), created=2024-12-22T13:51:38.831612203Z, driver=overlay2, execDriver=null, hostConfig=HostConfig(binds=[], blkioWeight=0, blkioWeightDevice=null, blkioDeviceReadBps=null, blkioDeviceWriteBps=null, blkioDeviceReadIOps=null, blkioDeviceWriteIOps=null, memorySwappiness=null, nanoCPUs=0, capAdd=null, capDrop=null, containerIDFile=, cpuPeriod=0, cpuRealtimePeriod=0, cpuRealtimeRuntime=0, cpuShares=0, cpuQuota=0, cpusetCpus=, cpusetMems=, devices=null, deviceCgroupRules=null, deviceRequests=null, diskQuota=null, dns=null, dnsOptions=null, dnsSearch=null, extraHosts=[], groupAdd=null, ipcMode=shareable, cgroup=, links=[], logConfig=LogConfig(type=json-file, config={}), lxcConf=null, memory=0, memorySwap=0, memoryReservation=0, kernelMemory=null, networkMode=bridge, oomKillDisable=null, init=null, autoRemove=false, oomScoreAdj=0, portBindings={27017/tcp=[Lcom.github.dockerjava.api.model.Ports$Binding;@628b503a}, privileged=false, publishAllPorts=false, readonlyRootfs=false, restartPolicy=no, ulimits=null, cpuCount=0, cpuPercent=0, ioMaximumIOps=0, ioMaximumBandwidth=0, volumesFrom=[], mounts=null, pidMode=, isolation=null, securityOpts=null, storageOpt=null, cgroupParent=, volumeDriver=, shmSize=67108864, pidsLimit=null, runtime=runc, tmpFs=null, utSMode=, usernsMode=, sysctls=null, consoleSize=[0, 0], cgroupnsMode=private), hostnamePath=/var/lib/docker/containers/fe798f1b2a88179c1cf8c9980113f3badbd06f1be8e1be72cd7962b546d4b40c/hostname, hostsPath=/var/lib/docker/containers/fe798f1b2a88179c1cf8c9980113f3badbd06f1be8e1be72cd7962b546d4b40c/hosts, logPath=/var/lib/docker/containers/fe798f1b2a88179c1cf8c9980113f3badbd06f1be8e1be72cd7962b546d4b40c/fe798f1b2a88179c1cf8c9980113f3badbd06f1be8e1be72cd7962b546d4b40c-json.log, id=fe798f1b2a88179c1cf8c9980113f3badbd06f1be8e1be72cd7962b546d4b40c, sizeRootFs=null, sizeRw=null, imageId=sha256:f08e39122805c55578b51555cf58418692d9842b74aa153441681e7e4cdd7729, mountLabel=, name=/admiring_boyd, restartCount=0, networkSettings=NetworkSettings(bridge=, sandboxId=, hairpinMode=false, linkLocalIPv6Address=, linkLocalIPv6PrefixLen=0, ports={}, sandboxKey=, secondaryIPAddresses=null, secondaryIPv6Addresses=null, endpointID=, gateway=, portMapping=null, globalIPv6Address=, globalIPv6PrefixLen=0, ipAddress=, ipPrefixLen=0, ipV6Gateway=, macAddress=, networks={bridge=ContainerNetwork(ipamConfig=null, links=[], aliases=null, networkID=309dd32a22059c07d9a043326d3c1920305cb93e015af726dc223af0a1e43df6, endpointId=, gateway=, ipAddress=, ipPrefixLen=0, ipV6Gateway=, globalIPv6Address=, globalIPv6PrefixLen=0, macAddress=)}), path=docker-entrypoint.sh, processLabel=, resolvConfPath=/var/lib/docker/containers/fe798f1b2a88179c1cf8c9980113f3badbd06f1be8e1be72cd7962b546d4b40c/resolv.conf, execIds=null, state=InspectContainerResponse.ContainerState(status=exited, running=false, paused=false, restarting=false, oomKilled=false, dead=false, pid=0, exitCode=1, error=, startedAt=2024-12-22T13:51:40.474053769Z, finishedAt=2024-12-22T13:51:40.798000086Z, health=null), volumes=null, volumesRW=null, node=null, mounts=[InspectContainerResponse.Mount(name=4ca1fdd067cf753c2a7d6383ffb428a46a0554fdc593b2c768a3389440661267, source=/var/lib/docker/volumes/4ca1fdd067cf753c2a7d6383ffb428a46a0554fdc593b2c768a3389440661267/_data, destination=/data/configdb, driver=local, mode=, rw=true), InspectContainerResponse.Mount(name=f7b275b6583dfe538e4264c9288d61633e392d290d1b81e50c0166ae8ae021b6, source=/var/lib/docker/volumes/f7b275b6583dfe538e4264c9288d61633e392d290d1b81e50c0166ae8ae021b6/_data, destination=/data/db, driver=local, mode=, rw=true)], graphDriver=GraphDriver(name=overlay2, data=GraphData(rootDir=null, deviceId=null, deviceName=null, deviceSize=null, dir=null)), platform=linux)> within 5 seconds.
	at org.testcontainers.shaded.org.awaitility.core.ConditionAwaiter.await(ConditionAwaiter.java:167)
	at org.testcontainers.shaded.org.awaitility.core.AbstractHamcrestCondition.await(AbstractHamcrestCondition.java:86)
	at org.testcontainers.shaded.org.awaitility.core.ConditionFactory.until(ConditionFactory.java:985)
	at org.testcontainers.shaded.org.awaitility.core.ConditionFactory.until(ConditionFactory.java:691)
	at org.testcontainers.shaded.org.awaitility.core.ConditionFactory.until(ConditionFactory.java:708)
	at org.testcontainers.containers.GenericContainer.tryStart(GenericContainer.java:458)
	... 65 more

